<?xml version="1.0" encoding="UTF-8"?>
<testsuite name="PostTest" tests="1" skipped="0" failures="0" errors="0" timestamp="2024-03-16T14:36:36" hostname="WIN-NQ600JPHR4K" time="2.414">
  <properties/>
  <testcase name="shouldReturnSendData()" classname="PostTest" time="2.414"/>
  <system-out><![CDATA[]]></system-out>
  <system-err><![CDATA[]]></system-err>
</testsuite>
